<?xml version="1.0" encoding="UTF-8"?>
<!-- Generated by org.testng.reporters.JUnitReportReporter -->
<testsuite hostname="LAPTOP-2P7VPASL" failures="0" tests="1" name="driverFactory.AppTest" time="74.155" errors="0" timestamp="2024-07-08T12:05:14 IST" skipped="0">
  <testcase classname="driverFactory.AppTest" name="start" time="74.155"/>
  <system-out>
    <![CDATA[Browser value is not matching 
Browser value is not matching 
Stock-000002106 Stock-000002106
Browser value is not matching 
Supplier-00000003869 Supplier-00000003869
Browser value is not matching ]]>
  </system-out>
</testsuite> <!-- driverFactory.AppTest -->
